<?xml version="1.0" encoding="UTF-8"?>
<coverage generated="1362284480">
  <project timestamp="1362284480">
    <package name="Kite\OhMyEmma">
      <file name="/Users/Kite/work/OhMyEmma/Source/Kite/OhMyEmma/Emma.php">
        <class name="Emma" namespace="Kite\OhMyEmma">
          <metrics methods="2" coveredmethods="2" conditionals="0" coveredconditionals="0" statements="33" coveredstatements="12" elements="35" coveredelements="14"/>
        </class>
        <line num="55" type="method" name="__construct" crap="3.47" count="2"/>
        <line num="62" type="stmt" count="2"/>
        <line num="63" type="stmt" count="0"/>
        <line num="64" type="stmt" count="0"/>
        <line num="66" type="stmt" count="0"/>
        <line num="68" type="stmt" count="2"/>
        <line num="69" type="stmt" count="1"/>
        <line num="70" type="stmt" count="1"/>
        <line num="72" type="stmt" count="2"/>
        <line num="81" type="method" name="build" crap="39.23" count="1"/>
        <line num="84" type="stmt" count="1"/>
        <line num="85" type="stmt" count="0"/>
        <line num="86" type="stmt" count="0"/>
        <line num="88" type="stmt" count="1"/>
        <line num="89" type="stmt" count="0"/>
        <line num="90" type="stmt" count="0"/>
        <line num="92" type="stmt" count="1"/>
        <line num="93" type="stmt" count="0"/>
        <line num="94" type="stmt" count="0"/>
        <line num="96" type="stmt" count="1"/>
        <line num="97" type="stmt" count="1"/>
        <line num="98" type="stmt" count="1"/>
        <line num="100" type="stmt" count="0"/>
        <line num="101" type="stmt" count="0"/>
        <line num="102" type="stmt" count="0"/>
        <line num="104" type="stmt" count="0"/>
        <line num="105" type="stmt" count="0"/>
        <line num="106" type="stmt" count="0"/>
        <line num="108" type="stmt" count="0"/>
        <line num="109" type="stmt" count="0"/>
        <line num="110" type="stmt" count="0"/>
        <line num="112" type="stmt" count="0"/>
        <line num="113" type="stmt" count="0"/>
        <line num="114" type="stmt" count="0"/>
        <line num="116" type="stmt" count="1"/>
        <line num="119" type="stmt" count="0"/>
        <metrics loc="118" ncloc="81" classes="1" methods="2" coveredmethods="0" conditionals="0" coveredconditionals="0" statements="33" coveredstatements="12" elements="35" coveredelements="12"/>
      </file>
      <file name="/Users/Kite/work/OhMyEmma/Source/Kite/OhMyEmma/Members.php">
        <class name="Members" namespace="Kite\OhMyEmma">
          <metrics methods="1" coveredmethods="0" conditionals="0" coveredconditionals="0" statements="1" coveredstatements="0" elements="2" coveredelements="0"/>
        </class>
        <line num="8" type="method" name="__construct" crap="2" count="0"/>
        <line num="11" type="stmt" count="0"/>
        <line num="14" type="stmt" count="0"/>
        <metrics loc="13" ncloc="13" classes="1" methods="1" coveredmethods="0" conditionals="0" coveredconditionals="0" statements="1" coveredstatements="0" elements="2" coveredelements="0"/>
      </file>
      <file name="/Users/Kite/work/OhMyEmma/Source/Kite/OhMyEmma/Request.php">
        <class name="Request" namespace="Kite\OhMyEmma">
          <metrics methods="2" coveredmethods="1" conditionals="0" coveredconditionals="0" statements="25" coveredstatements="16" elements="27" coveredelements="17"/>
        </class>
        <line num="81" type="method" name="_construct" crap="12" count="0"/>
        <line num="83" type="stmt" count="0"/>
        <line num="84" type="stmt" count="0"/>
        <line num="85" type="stmt" count="0"/>
        <line num="87" type="stmt" count="0"/>
        <line num="88" type="stmt" count="0"/>
        <line num="89" type="stmt" count="0"/>
        <line num="90" type="stmt" count="0"/>
        <line num="100" type="method" name="makeRequest" crap="4.02" count="1"/>
        <line num="102" type="stmt" count="1"/>
        <line num="104" type="stmt" count="1"/>
        <line num="105" type="stmt" count="1"/>
        <line num="106" type="stmt" count="1"/>
        <line num="108" type="stmt" count="1"/>
        <line num="109" type="stmt" count="1"/>
        <line num="110" type="stmt" count="1"/>
        <line num="111" type="stmt" count="1"/>
        <line num="113" type="stmt" count="1"/>
        <line num="114" type="stmt" count="0"/>
        <line num="115" type="stmt" count="0"/>
        <line num="117" type="stmt" count="1"/>
        <line num="118" type="stmt" count="1"/>
        <line num="119" type="stmt" count="1"/>
        <line num="121" type="stmt" count="1"/>
        <line num="122" type="stmt" count="1"/>
        <line num="124" type="stmt" count="1"/>
        <line num="126" type="stmt" count="1"/>
        <line num="130" type="stmt" count="0"/>
        <metrics loc="129" ncloc="64" classes="1" methods="2" coveredmethods="0" conditionals="0" coveredconditionals="0" statements="25" coveredstatements="16" elements="27" coveredelements="16"/>
      </file>
    </package>
    <metrics files="3" loc="260" ncloc="158" classes="3" methods="5" coveredmethods="0" conditionals="0" coveredconditionals="0" statements="59" coveredstatements="28" elements="64" coveredelements="28"/>
  </project>
</coverage>
